
/home/runner/work/exp-functional-properties-of-proteins-iitk/exp-functional-properties-of-proteins-iitk/experiment/simulation/script/project.js
   5:5   warning  'startlab' is assigned a value but never used   no-unused-vars
   6:5   warning  'startlab2' is assigned a value but never used  no-unused-vars
  13:5   warning  'tablesdiv' is assigned a value but never used  no-unused-vars
  14:5   warning  'inftext' is assigned a value but never used    no-unused-vars
  15:5   warning  'powders' is assigned a value but never used    no-unused-vars
  19:5   warning  'trial' is assigned a value but never used      no-unused-vars
  20:5   warning  'st3' is defined but never used                 no-unused-vars
  22:10  warning  'start' is defined but never used               no-unused-vars
  33:9   warning  'machine' is not defined                        no-undef
  34:9   warning  'spatula' is not defined                        no-undef
  35:9   warning  'cap' is not defined                            no-undef
  36:9   warning  'protien' is not defined                        no-undef
  37:9   warning  'on' is not defined                             no-undef
  38:9   warning  'tare' is not defined                           no-undef
  39:9   warning  'reading' is not defined                        no-undef
  54:9   warning  'foamleft' is not defined                       no-undef
  55:9   warning  'foambottom' is not defined                     no-undef
  56:9   warning  'poweron' is not defined                        no-undef
  61:9   warning  'foam' is not defined                           no-undef
  61:14  warning  'foam1' is not defined                          no-undef
  62:9   warning  'eflask' is not defined                         no-undef
  62:16  warning  's1' is not defined                             no-undef
  63:9   warning  'solution' is not defined                       no-undef
  63:18  warning  'sol1' is not defined                           no-undef
  67:9   warning  'startBtntimer2' is not defined                 no-undef
  71:9   warning  'dataselector' is not defined                   no-undef
  72:9   warning  'buttonselector' is not defined                 no-undef
  73:9   warning  'data' is not defined                           no-undef

/home/runner/work/exp-functional-properties-of-proteins-iitk/exp-functional-properties-of-proteins-iitk/experiment/simulation/script/step1.js
    1:5   warning  'on' is assigned a value but never used    no-unused-vars
    2:5   warning  'tare' is assigned a value but never used  no-unused-vars
   42:10  warning  'on1' is defined but never used            no-unused-vars
   43:8   warning  'f' is not defined                         no-undef
   45:9   warning  'f' is not defined                         no-undef
   46:9   warning  'ins' is not defined                       no-undef
   52:10  warning  'tare1' is defined but never used          no-unused-vars
   53:8   warning  'f' is not defined                         no-undef
   54:9   warning  'f' is not defined                         no-undef
   56:9   warning  'ins' is not defined                       no-undef
   61:10  warning  'beakerplace' is defined but never used    no-unused-vars
   62:8   warning  'f' is not defined                         no-undef
   63:9   warning  'f' is not defined                         no-undef
   73:25  warning  'f' is not defined                         no-undef
   74:25  warning  'ins' is not defined                       no-undef
   77:25  warning  'f' is not defined                         no-undef
   78:25  warning  'ins' is not defined                       no-undef
   85:13  warning  'f' is not defined                         no-undef
   86:9   warning  'f' is not defined                         no-undef
  105:17  warning  'f' is not defined                         no-undef
  111:13  warning  'f' is not defined                         no-undef
  111:23  warning  'f' is not defined                         no-undef
  111:33  warning  'f' is not defined                         no-undef
  111:44  warning  'f' is not defined                         no-undef
  112:9   warning  'placebeaker' is not defined               no-undef
  114:13  warning  'f' is not defined                         no-undef
  115:9   warning  'pourfoam' is not defined                  no-undef
  125:9   warning  'ins' is not defined                       no-undef
  138:9   warning  'ins' is not defined                       no-undef
  152:9   warning  'ins' is not defined                       no-undef
  166:9   warning  'ins' is not defined                       no-undef
  178:9   warning  'f' is not defined                         no-undef
  179:9   warning  'ins' is not defined                       no-undef
  196:10  warning  'cap1' is defined but never used           no-unused-vars
  197:8   warning  'f' is not defined                         no-undef
  198:9   warning  'f' is not defined                         no-undef
  204:17  warning  'ins' is not defined                       no-undef
  205:17  warning  'f' is not defined                         no-undef
  209:13  warning  'f' is not defined                         no-undef
  210:9   warning  'f' is not defined                         no-undef
  216:17  warning  'startbutton' is not defined               no-undef
  217:17  warning  'startbutton' is not defined               no-undef
  218:17  warning  'ins' is not defined                       no-undef
  219:17  warning  'f' is not defined                         no-undef
  229:10  warning  'spatula1' is defined but never used       no-unused-vars
  230:8   warning  'f' is not defined                         no-undef
  231:9   warning  'f' is not defined                         no-undef
  266:37  warning  'f' is not defined                         no-undef
  277:41  warning  'f' is not defined                         no-undef
  279:41  warning  'ins' is not defined                       no-undef

/home/runner/work/exp-functional-properties-of-proteins-iitk/exp-functional-properties-of-proteins-iitk/experiment/simulation/script/step2.js
    8:5   warning  'step1' is assigned a value but never used  no-unused-vars
   47:10  warning  'diswater' is defined but never used        no-unused-vars
   48:8   warning  'f' is not defined                          no-undef
   49:9   warning  'f' is not defined                          no-undef
   62:21  warning  'f' is not defined                          no-undef
   63:21  warning  'ins' is not defined                        no-undef
   79:10  warning  'measure' is defined but never used         no-unused-vars
   80:8   warning  'f' is not defined                          no-undef
   81:9   warning  'f' is not defined                          no-undef
  111:29  warning  'f' is not defined                          no-undef
  112:29  warning  'ins' is not defined                        no-undef
  179:9   warning  'f' is not defined                          no-undef
  180:9   warning  'startbutton' is not defined                no-undef
  181:9   warning  'startbutton' is not defined                no-undef
  182:9   warning  'ins' is not defined                        no-undef

/home/runner/work/exp-functional-properties-of-proteins-iitk/exp-functional-properties-of-proteins-iitk/experiment/simulation/script/step3.js
    3:5   warning  'stirrer' is assigned a value but never used      no-unused-vars
    6:5   warning  'rpm' is assigned a value but never used          no-unused-vars
    7:5   warning  'timerbtn' is assigned a value but never used     no-unused-vars
    8:5   warning  'startbtn' is assigned a value but never used     no-unused-vars
   33:10  warning  'power' is defined but never used                 no-unused-vars
   34:8   warning  'f' is not defined                                no-undef
   35:9   warning  'f' is not defined                                no-undef
   41:13  warning  'ins' is not defined                              no-undef
   44:13  warning  'f' is not defined                                no-undef
   45:9   warning  'f' is not defined                                no-undef
   51:13  warning  'ins' is not defined                              no-undef
   57:10  warning  'rpm1' is defined but never used                  no-unused-vars
   58:8   warning  'f' is not defined                                no-undef
   59:9   warning  'f' is not defined                                no-undef
   61:9   warning  'ins' is not defined                              no-undef
   68:5   warning  'timecounter' is assigned a value but never used  no-unused-vars
   71:10  warning  'nobright1' is defined but never used             no-unused-vars
   72:8   warning  'f' is not defined                                no-undef
   73:9   warning  'f' is not defined                                no-undef
   79:9   warning  'ins' is not defined                              no-undef
   81:13  warning  'f' is not defined                                no-undef
   82:13  warning  'ins' is not defined                              no-undef
  114:10  warning  'nobleft1' is defined but never used              no-unused-vars
  115:8   warning  'f' is not defined                                no-undef
  123:13  warning  'ins' is not defined                              no-undef
  130:13  warning  'f' is not defined                                no-undef
  131:13  warning  'ins' is not defined                              no-undef
  166:10  warning  'timer1' is defined but never used                no-unused-vars
  167:8   warning  'f' is not defined                                no-undef
  168:9   warning  'f' is not defined                                no-undef
  172:9   warning  'ins' is not defined                              no-undef
  175:13  warning  'ins' is not defined                              no-undef
  178:13  warning  'f' is not defined                                no-undef
  179:9   warning  'f' is not defined                                no-undef
  182:9   warning  'ins' is not defined                              no-undef
  185:13  warning  'ins' is not defined                              no-undef
  192:5   warning  'eflask' is not defined                           no-undef
  192:12  warning  's1' is not defined                               no-undef
  193:5   warning  'powder' is not defined                           no-undef
  193:12  warning  'sample1' is not defined                          no-undef
  194:5   warning  'solution' is not defined                         no-undef
  194:14  warning  'sol1' is not defined                             no-undef
  195:5   warning  'eflaskleft' is not defined                       no-undef
  196:5   warning  'solutionleft' is not defined                     no-undef
  214:10  warning  'start1' is defined but never used                no-unused-vars
  215:8   warning  'f' is not defined                                no-undef
  216:9   warning  'f' is not defined                                no-undef
  217:12  warning  'running' is not defined                          no-undef
  218:13  warning  'startBtntimer' is not defined                    no-undef
  219:13  warning  'foam' is not defined                             no-undef
  220:13  warning  'foam' is not defined                             no-undef
  220:31  warning  'foambottom' is not defined                       no-undef
  221:13  warning  'foam' is not defined                             no-undef
  221:31  warning  'foamheight' is not defined                       no-undef
  222:13  warning  'powder' is not defined                           no-undef
  223:13  warning  'ins' is not defined                              no-undef
  224:16  warning  'eflask' is not defined                           no-undef
  224:24  warning  's1' is not defined                               no-undef
  225:17  warning  'powder1' is not defined                          no-undef
  232:9   warning  'completestirrer' is not defined                  no-undef
  235:13  warning  'f' is not defined                                no-undef
  240:13  warning  'completestirrer' is not defined                  no-undef
  246:17  warning  'f' is not defined                                no-undef
  261:13  warning  'f' is not defined                                no-undef
  262:9   warning  'f' is not defined                                no-undef
  269:13  warning  'completestirrer' is not defined                  no-undef
  270:13  warning  'foam' is not defined                             no-undef
  271:13  warning  'solution' is not defined                         no-undef
  272:13  warning  'f' is not defined                                no-undef
  277:13  warning  'completestirrer' is not defined                  no-undef
  283:17  warning  'f' is not defined                                no-undef

/home/runner/work/exp-functional-properties-of-proteins-iitk/exp-functional-properties-of-proteins-iitk/experiment/simulation/script/step3extended.js
   13:5   warning  'foambottom' is assigned a value but never used  no-unused-vars
   15:5   warning  'foamheight' is assigned a value but never used  no-unused-vars
   17:5   warning  'beakerscr' is assigned a value but never used   no-unused-vars
   25:10  warning  'placebeaker' is defined but never used          no-unused-vars
   26:8   warning  'timecounter' is not defined                     no-undef
   27:9   warning  'f' is not defined                               no-undef
   28:9   warning  'running' is not defined                         no-undef
   29:9   warning  'resetBtn' is not defined                        no-undef
   30:9   warning  'itrcount' is not defined                        no-undef
   33:9   warning  'eflask' is not defined                          no-undef
   34:9   warning  'solution' is not defined                        no-undef
   35:9   warning  'powder' is not defined                          no-undef
   36:9   warning  'eflask' is not defined                          no-undef
   37:9   warning  'solution' is not defined                        no-undef
   38:9   warning  'powder' is not defined                          no-undef
   39:12  warning  'eflask' is not defined                          no-undef
   39:20  warning  's1' is not defined                              no-undef
   40:13  warning  'powder1' is not defined                         no-undef
   41:13  warning  'powder1' is not defined                         no-undef
   46:13  warning  'f' is not defined                               no-undef
   47:13  warning  'solution' is not defined                        no-undef
   48:13  warning  'ins' is not defined                             no-undef
   49:13  warning  'mindigit' is not defined                        no-undef
   50:13  warning  'secdigit' is not defined                        no-undef
   54:13  warning  'f' is not defined                               no-undef
   55:9   warning  'f' is not defined                               no-undef
   56:9   warning  'eflask' is not defined                          no-undef
   57:9   warning  'eflask' is not defined                          no-undef
   57:27  warning  'eflaskleft' is not defined                      no-undef
   58:9   warning  'solution' is not defined                        no-undef
   59:9   warning  'solution' is not defined                        no-undef
   68:14  warning  'f' is not defined                               no-undef
   68:24  warning  'f' is not defined                               no-undef
   68:35  warning  'timecounter' is not defined                     no-undef
   69:9   warning  'ins' is not defined                             no-undef
   77:8   warning  'eflask' is not defined                          no-undef
   77:16  warning  's1' is not defined                              no-undef
   78:9   warning  'eflask' is not defined                          no-undef
   78:16  warning  's2' is not defined                              no-undef
   79:9   warning  'solution' is not defined                        no-undef
   79:18  warning  'sol2' is not defined                            no-undef
   80:9   warning  'powder' is not defined                          no-undef
   80:16  warning  'sample2' is not defined                         no-undef
   81:9   warning  'powder1' is not defined                         no-undef
   81:17  warning  'sample3' is not defined                         no-undef
   82:9   warning  'eflaskleft' is not defined                      no-undef
   84:9   warning  'timecounter' is not defined                     no-undef
   91:9   warning  'ins' is not defined                             no-undef
   92:9   warning  'f' is not defined                               no-undef
   94:13  warning  'eflask' is not defined                          no-undef
   94:21  warning  's2' is not defined                              no-undef
   95:9   warning  'eflask' is not defined                          no-undef
   95:16  warning  's3' is not defined                              no-undef
   96:9   warning  'solution' is not defined                        no-undef
   96:18  warning  'sol3' is not defined                            no-undef
   97:9   warning  'powder' is not defined                          no-undef
   97:16  warning  'sample4' is not defined                         no-undef
   98:9   warning  'powder1' is not defined                         no-undef
   98:17  warning  'sample5' is not defined                         no-undef
   99:9   warning  'eflaskleft' is not defined                      no-undef
  101:9   warning  'timecounter' is not defined                     no-undef
  108:9   warning  'ins' is not defined                             no-undef
  109:9   warning  'f' is not defined                               no-undef
  111:13  warning  'eflask' is not defined                          no-undef
  111:21  warning  's3' is not defined                              no-undef
  112:9   warning  'eflask' is not defined                          no-undef
  112:16  warning  's4' is not defined                              no-undef
  113:9   warning  'solution' is not defined                        no-undef
  113:18  warning  'sol4' is not defined                            no-undef
  114:9   warning  'powder' is not defined                          no-undef
  114:16  warning  'sample6' is not defined                         no-undef
  115:9   warning  'powder1' is not defined                         no-undef
  115:17  warning  'sample7' is not defined                         no-undef
  116:9   warning  'eflaskleft' is not defined                      no-undef
  118:9   warning  'timecounter' is not defined                     no-undef
  125:9   warning  'ins' is not defined                             no-undef
  126:9   warning  'f' is not defined                               no-undef
  128:13  warning  'eflask' is not defined                          no-undef
  128:21  warning  's4' is not defined                              no-undef
  129:9   warning  'eflask' is not defined                          no-undef
  129:16  warning  's5' is not defined                              no-undef
  130:9   warning  'solution' is not defined                        no-undef
  130:18  warning  'sol5' is not defined                            no-undef
  131:9   warning  'powder' is not defined                          no-undef
  131:16  warning  'sample8' is not defined                         no-undef
  132:9   warning  'powder1' is not defined                         no-undef
  132:17  warning  'sample9' is not defined                         no-undef
  133:9   warning  'eflaskleft' is not defined                      no-undef
  135:9   warning  'timecounter' is not defined                     no-undef
  142:9   warning  'ins' is not defined                             no-undef
  143:9   warning  'f' is not defined                               no-undef
  145:13  warning  'eflask' is not defined                          no-undef
  145:21  warning  's5' is not defined                              no-undef
  147:9   warning  'timecounter' is not defined                     no-undef
  148:9   warning  'startbutton' is not defined                     no-undef
  149:9   warning  'startbutton' is not defined                     no-undef
  150:9   warning  'ins' is not defined                             no-undef
  151:9   warning  'f' is not defined                               no-undef

/home/runner/work/exp-functional-properties-of-proteins-iitk/exp-functional-properties-of-proteins-iitk/experiment/simulation/script/step4.js
   13:10  warning  'pourfoam' is defined but never used  no-unused-vars
   14:8   warning  'f' is not defined                    no-undef
   15:9   warning  'f' is not defined                    no-undef
   16:9   warning  'foam' is not defined                 no-undef
   17:9   warning  'eflask' is not defined               no-undef
   18:9   warning  'eflask' is not defined               no-undef
   19:9   warning  'foam' is not defined                 no-undef
   20:9   warning  'foam' is not defined                 no-undef
   21:9   warning  'solution' is not defined             no-undef
   22:9   warning  'solution' is not defined             no-undef
   24:13  warning  'eflask' is not defined               no-undef
   25:13  warning  'foam' is not defined                 no-undef
   26:13  warning  'solution' is not defined             no-undef
   27:13  warning  'eflask' is not defined               no-undef
   28:13  warning  'eflask' is not defined               no-undef
   29:13  warning  'foam' is not defined                 no-undef
   29:31  warning  'foambottom' is not defined           no-undef
   30:13  warning  'foam' is not defined                 no-undef
   30:29  warning  'foamleft' is not defined             no-undef
   31:13  warning  'solution' is not defined             no-undef
   32:13  warning  'solution' is not defined             no-undef
   34:17  warning  'eflask' is not defined               no-undef
   35:17  warning  'foam' is not defined                 no-undef
   36:17  warning  'foam' is not defined                 no-undef
   37:17  warning  'foam' is not defined                 no-undef
   38:17  warning  'foam' is not defined                 no-undef
   44:21  warning  'solution' is not defined             no-undef
   45:21  warning  'solution' is not defined             no-undef
   46:21  warning  'solution' is not defined             no-undef
   56:25  warning  'eflask' is not defined               no-undef
   58:25  warning  'eflask' is not defined               no-undef
   59:25  warning  'eflask' is not defined               no-undef
   60:25  warning  'eflask' is not defined               no-undef
   61:25  warning  'solution' is not defined             no-undef
   62:25  warning  'solution' is not defined             no-undef
   63:25  warning  'solution' is not defined             no-undef
   67:29  warning  'eflask' is not defined               no-undef
   68:29  warning  'solution' is not defined             no-undef
   70:33  warning  'f' is not defined                    no-undef
   72:33  warning  'ins' is not defined                  no-undef
   74:37  warning  'eflask' is not defined               no-undef
   86:8   warning  'eflask' is not defined               no-undef
   86:16  warning  's1' is not defined                   no-undef
   87:9   warning  'eflask' is not defined               no-undef
   87:16  warning  's2' is not defined                   no-undef
   88:9   warning  'foam' is not defined                 no-undef
   88:14  warning  'foam2' is not defined                no-undef
   89:9   warning  'solution' is not defined             no-undef
   89:18  warning  'sol2' is not defined                 no-undef
   97:9   warning  'ins' is not defined                  no-undef
  101:9   warning  'foambottom' is not defined           no-undef
  102:9   warning  'foamleft' is not defined             no-undef
  106:13  warning  'eflask' is not defined               no-undef
  106:21  warning  's2' is not defined                   no-undef
  107:9   warning  'eflask' is not defined               no-undef
  107:16  warning  's3' is not defined                   no-undef
  108:9   warning  'foam' is not defined                 no-undef
  108:14  warning  'foam3' is not defined                no-undef
  109:9   warning  'solution' is not defined             no-undef
  109:18  warning  'sol3' is not defined                 no-undef
  117:9   warning  'ins' is not defined                  no-undef
  121:9   warning  'foambottom' is not defined           no-undef
  122:9   warning  'foamleft' is not defined             no-undef
  126:13  warning  'eflask' is not defined               no-undef
  126:21  warning  's3' is not defined                   no-undef
  127:9   warning  'eflask' is not defined               no-undef
  127:16  warning  's4' is not defined                   no-undef
  128:9   warning  'foam' is not defined                 no-undef
  128:14  warning  'foam4' is not defined                no-undef
  129:9   warning  'solution' is not defined             no-undef
  129:18  warning  'sol4' is not defined                 no-undef
  137:9   warning  'ins' is not defined                  no-undef
  141:9   warning  'foambottom' is not defined           no-undef
  142:9   warning  'foamleft' is not defined             no-undef
  146:13  warning  'eflask' is not defined               no-undef
  146:21  warning  's4' is not defined                   no-undef
  147:9   warning  'eflask' is not defined               no-undef
  147:16  warning  's5' is not defined                   no-undef
  148:9   warning  'foam' is not defined                 no-undef
  148:14  warning  'foam5' is not defined                no-undef
  149:9   warning  'solution' is not defined             no-undef
  149:18  warning  'sol5' is not defined                 no-undef
  156:9   warning  'ins' is not defined                  no-undef
  160:9   warning  'foambottom' is not defined           no-undef
  161:9   warning  'foamleft' is not defined             no-undef
  164:13  warning  'eflask' is not defined               no-undef
  164:21  warning  's5' is not defined                   no-undef
  166:9   warning  'startbutton' is not defined          no-undef
  167:9   warning  'ins' is not defined                  no-undef
  168:9   warning  'startbutton' is not defined          no-undef
  171:9   warning  'f' is not defined                    no-undef
  188:10  warning  'mbutton' is defined but never used   no-unused-vars
  189:8   warning  'f' is not defined                    no-undef
  194:16  warning  'eflask' is not defined               no-undef
  194:24  warning  's5' is not defined                   no-undef
  199:17  warning  'f' is not defined                    no-undef
  204:13  warning  'f' is not defined                    no-undef
  236:13  warning  'f' is not defined                    no-undef
  237:13  warning  'startbutton' is not defined          no-undef
  238:13  warning  'startbutton' is not defined          no-undef
  239:13  warning  'ins' is not defined                  no-undef

/home/runner/work/exp-functional-properties-of-proteins-iitk/exp-functional-properties-of-proteins-iitk/experiment/simulation/script/step5.js
   11:10  warning  'formula1' is defined but never used             no-unused-vars
   25:10  warning  'capacitychecker' is defined but never used      no-unused-vars
   38:10  warning  'result11' is defined but never used             no-unused-vars
   46:10  warning  'stabilitychecker' is defined but never used     no-unused-vars
   60:10  warning  'result22' is defined but never used             no-unused-vars
   72:9   warning  'ins' is not defined                             no-undef
   78:9   warning  'ins' is not defined                             no-undef
   84:9   warning  'ins' is not defined                             no-undef
   90:9   warning  'ins' is not defined                             no-undef
   94:9   warning  'ins' is not defined                             no-undef
  105:9   warning  'ins' is not defined                             no-undef
  111:9   warning  'ins' is not defined                             no-undef
  117:9   warning  'ins' is not defined                             no-undef
  123:9   warning  'ins' is not defined                             no-undef
  127:9   warning  'ins' is not defined                             no-undef
  134:9   warning  'f' is not defined                               no-undef
  135:9   warning  'startbutton' is not defined                     no-undef
  136:9   warning  'startbutton' is not defined                     no-undef
  137:9   warning  'ins' is not defined                             no-undef
  146:10  warning  'setTwoNumberDecimal' is defined but never used  no-unused-vars
  146:30  warning  'event' is defined but never used                no-unused-vars

/home/runner/work/exp-functional-properties-of-proteins-iitk/exp-functional-properties-of-proteins-iitk/experiment/simulation/script/stopwatch.js
   3:5   warning  'running' is assigned a value but never used  no-unused-vars
   6:10  warning  'startBtntimer' is defined but never used     no-unused-vars
   7:5   warning  'timer' is not defined                        no-undef
  12:5   warning  'timer' is not defined                        no-undef
  15:10  warning  'resetBtn' is defined but never used          no-unused-vars
  16:5   warning  'timer' is not defined                        no-undef
  25:9   warning  'timer' is not defined                        no-undef
  55:13  warning  'start1' is not defined                       no-undef
  57:17  warning  'completestirrer' is not defined              no-undef
  58:17  warning  'ins' is not defined                          no-undef
  59:17  warning  'timecounter' is not defined                  no-undef

/home/runner/work/exp-functional-properties-of-proteins-iitk/exp-functional-properties-of-proteins-iitk/experiment/simulation/script/stopwatch2.js
   6:10  warning  'startBtntimer2' is defined but never used  no-unused-vars
   7:5   warning  'timer2' is not defined                     no-undef
  12:5   warning  'timer2' is not defined                     no-undef
  15:10  warning  'resetBtn2' is defined but never used       no-unused-vars
  16:5   warning  'timer2' is not defined                     no-undef
  25:9   warning  'timer2' is not defined                     no-undef
  56:36  warning  'dataselector' is not defined               no-undef
  57:36  warning  'buttonselector' is not defined             no-undef
  59:13  warning  'ins' is not defined                        no-undef
  60:13  warning  'f' is not defined                          no-undef

✖ 405 problems (0 errors, 405 warnings)

